<?xml version="1.0" encoding="UTF-8"?>
<!-- Generated by org.testng.reporters.JUnitReportReporter -->
<testsuite hostname="LAPTOP-HJ1GF5N3" failures="0" tests="3" name="testng_package.open_website" time="53.097" errors="0" timestamp="2023-09-07T20:33:34 EDT" skipped="0">
  <testcase classname="testng_package.open_website" name="openingAmazonSite" time="5.922"/>
  <testcase classname="testng_package.open_website" name="openingYahooSite" time="34.459"/>
  <testcase classname="testng_package.open_website" name="openingCnbcSite" time="12.716"/>
</testsuite> <!-- testng_package.open_website -->
