<?xml version="1.0" encoding="UTF-8"?>
<!-- Generated by org.testng.reporters.JUnitReportReporter -->
<testsuite hostname="LAPTOP-HJ1GF5N3" failures="0" tests="1" name="testng_package.FillFornTest" time="4.214" errors="0" timestamp="2023-09-11T19:23:27 EDT" skipped="0">
  <testcase classname="testng_package.FillFornTest" name="forn" time="4.214"/>
</testsuite> <!-- testng_package.FillFornTest -->
